.
├── Arch
│   ├── arm
│   │   ├── stage1
│   │   │   └── .gitkeep
│   │   ├── stage2
│   │   │   └── .gitkeep
│   │   └── stage3
│   │       └── .gitkeep
│   └── x86
│       ├── stage1(seed)
│       │   ├── gpt.s
│       │   ├── mbr.s
│       │   └── seed.s
│       ├── stage2(pit)
│       │   └── .gitkeep
│       └── stage3(flesh)
│           ├── .gitkeep
│           └── f
├── README.md
├── assets
│   ├── full_tree.log
│   ├── mascot
│   │   ├── mascot.jpg
│   │   ├── mascot.png
│   │   ├── mascot.svg
│   │   ├── mascot_ascii.txt
│   │   └── mascot_ascii_uncolored.txt
│   └── tree.log
├── common
│   ├── stage1
│   │   └── .gitkeep
│   ├── stage2
│   │   └── .gitkeep
│   └── stage3
│       └── .gitkeep
└── uefi
    └── .gitkeep

91 directories, 113 files
